[2018-06-20 20:40:17,704] INFO [controller-event-thread]: Starting (kafka.controller.ControllerEventManager$ControllerEventThread)
[2018-06-20 20:40:17,748] INFO [Controller 0]: 0 successfully elected as the controller (kafka.controller.KafkaController)
[2018-06-20 20:40:17,757] INFO [Controller 0]: Broker 0 starting become controller state transition (kafka.controller.KafkaController)
[2018-06-20 20:40:17,776] INFO [Controller 0]: Controller 0 incremented epoch to 1 (kafka.controller.KafkaController)
[2018-06-20 20:40:17,778] DEBUG [Controller 0]: Registering IsrChangeNotificationListener (kafka.controller.KafkaController)
[2018-06-20 20:40:17,839] INFO [Controller 0]: Partitions being reassigned: Map() (kafka.controller.KafkaController)
[2018-06-20 20:40:17,840] INFO [Controller 0]: Partitions already reassigned: Set() (kafka.controller.KafkaController)
[2018-06-20 20:40:17,842] INFO [Controller 0]: Resuming reassignment of partitions: Map() (kafka.controller.KafkaController)
[2018-06-20 20:40:17,845] INFO [Controller 0]: Currently active brokers in the cluster: Set() (kafka.controller.KafkaController)
[2018-06-20 20:40:17,846] INFO [Controller 0]: Currently shutting brokers in the cluster: Set() (kafka.controller.KafkaController)
[2018-06-20 20:40:17,847] INFO [Controller 0]: Current list of topics in the cluster: Set() (kafka.controller.KafkaController)
[2018-06-20 20:40:17,851] INFO [Controller 0]: List of topics to be deleted:  (kafka.controller.KafkaController)
[2018-06-20 20:40:17,852] INFO [Controller 0]: List of topics ineligible for deletion:  (kafka.controller.KafkaController)
[2018-06-20 20:40:17,900] INFO [Replica state machine on controller 0]: Started replica state machine with initial state -> Map() (kafka.controller.ReplicaStateMachine)
[2018-06-20 20:40:17,903] INFO [Partition state machine on Controller 0]: Started partition state machine with initial state -> Map() (kafka.controller.PartitionStateMachine)
[2018-06-20 20:40:17,905] INFO [Controller 0]: Broker 0 is ready to serve as the new controller with epoch 1 (kafka.controller.KafkaController)
[2018-06-20 20:40:17,921] INFO [Controller 0]: Partitions undergoing preferred replica election:  (kafka.controller.KafkaController)
[2018-06-20 20:40:17,922] INFO [Controller 0]: Partitions that completed preferred replica election:  (kafka.controller.KafkaController)
[2018-06-20 20:40:17,922] INFO [Controller 0]: Skipping preferred replica election for partitions due to topic deletion:  (kafka.controller.KafkaController)
[2018-06-20 20:40:17,923] INFO [Controller 0]: Resuming preferred replica election for partitions:  (kafka.controller.KafkaController)
[2018-06-20 20:40:17,924] INFO [Controller 0]: Starting preferred replica leader election for partitions  (kafka.controller.KafkaController)
[2018-06-20 20:40:17,927] INFO [Partition state machine on Controller 0]: Invoking state change to OnlinePartition for partitions  (kafka.controller.PartitionStateMachine)
[2018-06-20 20:40:17,964] INFO [Controller 0]: starting the controller scheduler (kafka.controller.KafkaController)
[2018-06-20 20:40:18,176] INFO [Controller 0]: Newly added brokers: 0, deleted brokers: , all live brokers: 0 (kafka.controller.KafkaController)
[2018-06-20 20:40:18,188] DEBUG [Channel manager on controller 0]: Controller 0 trying to connect to broker 0 (kafka.controller.ControllerChannelManager)
[2018-06-20 20:40:18,221] INFO [Controller 0]: New broker startup callback for 0 (kafka.controller.KafkaController)
[2018-06-20 20:40:18,228] INFO [Controller-0-to-broker-0-send-thread]: Starting (kafka.controller.RequestSendThread)
[2018-06-20 20:40:18,247] INFO [Controller-0-to-broker-0-send-thread]: Controller 0 connected to knoldus-Vostro-2520:9092 (id: 0 rack: null) for sending state change requests (kafka.controller.RequestSendThread)
[2018-06-20 20:40:22,967] TRACE [Controller 0]: Checking need to trigger auto leader balancing (kafka.controller.KafkaController)
[2018-06-20 20:40:22,976] DEBUG [Controller 0]: Preferred replicas by broker Map() (kafka.controller.KafkaController)
[2018-06-20 20:43:31,702] INFO [Controller 0]: Shutting down broker 0 (kafka.controller.KafkaController)
[2018-06-20 20:43:31,703] DEBUG [Controller 0]: All shutting down brokers: 0 (kafka.controller.KafkaController)
[2018-06-20 20:43:31,704] DEBUG [Controller 0]: Live brokers:  (kafka.controller.KafkaController)
[2018-06-20 20:43:31,706] TRACE [Controller 0]: All leaders =  (kafka.controller.KafkaController)
[2018-06-20 20:43:34,684] INFO [controller-event-thread]: Shutting down (kafka.controller.ControllerEventManager$ControllerEventThread)
[2018-06-20 20:43:34,684] INFO [controller-event-thread]: Stopped (kafka.controller.ControllerEventManager$ControllerEventThread)
[2018-06-20 20:43:34,684] INFO [controller-event-thread]: Shutdown completed (kafka.controller.ControllerEventManager$ControllerEventThread)
[2018-06-20 20:43:34,686] DEBUG [Controller 0]: Controller resigning, broker id 0 (kafka.controller.KafkaController)
[2018-06-20 20:43:34,687] DEBUG [Controller 0]: De-registering IsrChangeNotificationListener (kafka.controller.KafkaController)
[2018-06-20 20:43:34,688] INFO [Partition state machine on Controller 0]: Stopped partition state machine (kafka.controller.PartitionStateMachine)
[2018-06-20 20:43:34,690] INFO [Replica state machine on controller 0]: Stopped replica state machine (kafka.controller.ReplicaStateMachine)
[2018-06-20 20:43:34,691] INFO [Controller-0-to-broker-0-send-thread]: Shutting down (kafka.controller.RequestSendThread)
[2018-06-20 20:43:34,691] INFO [Controller-0-to-broker-0-send-thread]: Stopped (kafka.controller.RequestSendThread)
[2018-06-20 20:43:34,691] INFO [Controller-0-to-broker-0-send-thread]: Shutdown completed (kafka.controller.RequestSendThread)
[2018-06-20 20:43:34,694] INFO [Controller 0]: Broker 0 resigned as the controller (kafka.controller.KafkaController)
